<?xml version="1.0" encoding="utf-8"?><testsuites name="pytest tests"><testsuite name="pytest" errors="0" failures="0" skipped="0" tests="9" time="22.334" timestamp="2026-05-07T15:40:12.037441+00:00" hostname="agent-env-e841871a-a7d2-488f-a6e8-49c484b67638"><testcase classname="backend.tests.test_conversation_ws.TestWSAuth" name="test_ws_rejects_missing_token" time="1.118" /><testcase classname="backend.tests.test_conversation_ws.TestWSAuth" name="test_ws_rejects_invalid_token" time="0.229" /><testcase classname="backend.tests.test_conversation_ws.TestWSAuth" name="test_ws_rejects_unknown_conversation" time="0.230" /><testcase classname="backend.tests.test_conversation_ws.TestWSAuth" name="test_ws_rejects_non_participant" time="0.351" /><testcase classname="backend.tests.test_conversation_ws.TestWSBroadcast" name="test_counselor_post_broadcasts_to_patient" time="0.346" /><testcase classname="backend.tests.test_conversation_ws.TestWSBroadcast" name="test_patient_post_broadcasts_to_counselor" time="6.749" /><testcase classname="backend.tests.test_conversation_ws.TestWSBroadcast" name="test_multiple_clients_all_receive" time="0.884" /><testcase classname="backend.tests.test_conversation_ws.TestWSBroadcast" name="test_disconnect_cleanup_does_not_break_broadcast" time="1.067" /><testcase classname="backend.tests.test_conversation_ws.TestWSBroadcast" name="test_crisis_patient_message_creates_admin_notification_and_broadcasts" time="11.297" /></testsuite></testsuites>