<?xml version="1.0" encoding="utf-8"?><testsuites name="pytest tests"><testsuite name="pytest" errors="0" failures="0" skipped="0" tests="19" time="28.546" timestamp="2026-05-07T15:10:20.152342+00:00" hostname="agent-env-e841871a-a7d2-488f-a6e8-49c484b67638"><testcase classname="backend.tests.test_mindshield_features.TestHealth" name="test_root_api" time="0.195" /><testcase classname="backend.tests.test_mindshield_features.TestAdminAuth" name="test_admin_login_success" time="0.099" /><testcase classname="backend.tests.test_mindshield_features.TestAdminAuth" name="test_admin_login_wrong" time="0.073" /><testcase classname="backend.tests.test_mindshield_features.TestCrisisNotification" name="test_crisis_message_creates_notification_and_alert" time="8.668" /><testcase classname="backend.tests.test_mindshield_features.TestAdminNotificationEndpoints" name="test_list_count_and_mark_read" time="0.557" /><testcase classname="backend.tests.test_mindshield_features.TestAdminNotificationEndpoints" name="test_notifications_require_auth" time="0.107" /><testcase classname="backend.tests.test_mindshield_features.TestConnectToCounselor" name="test_connect_creates_then_returns_existing" time="0.698" /><testcase classname="backend.tests.test_mindshield_features.TestConnectToCounselor" name="test_connect_invalid_user" time="0.195" /><testcase classname="backend.tests.test_mindshield_features.TestForumAutoFlag" name="test_toxic_post_is_flagged" time="2.729" /><testcase classname="backend.tests.test_mindshield_features.TestForumAutoFlag" name="test_benign_post_not_flagged" time="8.153" /><testcase classname="backend.tests.test_mindshield_features.TestConversationCrisis" name="test_crisis_message_in_conversation" time="6.288" /><testcase classname="backend.tests.test_mindshield_features.TestCounselorProfileAvailability" name="test_get_counselor_profile" time="0.073" /><testcase classname="backend.tests.test_mindshield_features.TestCounselorProfileAvailability" name="test_get_counselor_profile_unauth" time="0.066" /><testcase classname="backend.tests.test_mindshield_features.TestCounselorProfileAvailability" name="test_update_availability" time="0.177" /><testcase classname="backend.tests.test_mindshield_features.TestRegression" name="test_patient_register" time="0.116" /><testcase classname="backend.tests.test_mindshield_features.TestRegression" name="test_admin_analytics" time="0.075" /><testcase classname="backend.tests.test_mindshield_features.TestRegression" name="test_forum_get" time="0.072" /><testcase classname="backend.tests.test_mindshield_features.TestRegression" name="test_mood_log" time="0.082" /><testcase classname="backend.tests.test_mindshield_features.TestRegression" name="test_appointments_list_counselors" time="0.071" /></testsuite></testsuites>